<?xml version="1.0" encoding="UTF-8"?>
<testng-results skipped="0" failed="0" ignored="0" total="1" passed="1">
  <reporter-output>
    <line>
      <![CDATA[[2020-02-15 22:16:46] REPORT [main] |DEBUG| (Log.java) myLogger - Webdriver opening url:https://disk.yandex.by/
</br>]]>
    </line>
    <line>
      <![CDATA[[2020-02-15 22:16:48] REPORT [main] |INFO | (Log.java) myLogger -  Taken screenshot <a href ="file:///C:\Programming\Projects\LogAndReportTools\logs\1581794207950screenshot.jpg" target=”blank”>screenshot</a></br>]]>
    </line>
    <line>
      <![CDATA[[2020-02-15 22:16:48] REPORT [main] |DEBUG| (Log.java) myLogger - Click By.xpath: //*[contains(@class,'button_login')]
</br>]]>
    </line>
    <line>
      <![CDATA[[2020-02-15 22:16:48] REPORT [main] |DEBUG| (Log.java) myLogger - Waiting for element to be clickable By.xpath: //*[contains(@class,'button_login')]
</br>]]>
    </line>
    <line>
      <![CDATA[[2020-02-15 22:16:48] REPORT [main] |INFO | (Log.java) myLogger -  Taken screenshot <a href ="file:///C:\Programming\Projects\LogAndReportTools\logs\1581794208506screenshot.jpg" target=”blank”>screenshot</a></br>]]>
    </line>
    <line>
      <![CDATA[[2020-02-15 22:16:50] REPORT [main] |DEBUG| (Log.java) myLogger - Type nickTestQA in text fieldBy.xpath: //*[@id='passp-field-login']
</br>]]>
    </line>
    <line>
      <![CDATA[[2020-02-15 22:16:50] REPORT [main] |DEBUG| (Log.java) myLogger - Waiting for visibility of element By.xpath: //*[@id='passp-field-login']
</br>]]>
    </line>
    <line>
      <![CDATA[[2020-02-15 22:16:51] REPORT [main] |INFO | (Log.java) myLogger -  Taken screenshot <a href ="file:///C:\Programming\Projects\LogAndReportTools\logs\1581794210482screenshot.jpg" target=”blank”>screenshot</a></br>]]>
    </line>
    <line>
      <![CDATA[[2020-02-15 22:16:52] REPORT [main] |DEBUG| (Log.java) myLogger - Click By.xpath: //*[(contains(@class,'passp-button passp-sign-in-button'))]
</br>]]>
    </line>
    <line>
      <![CDATA[[2020-02-15 22:16:52] REPORT [main] |DEBUG| (Log.java) myLogger - Waiting for element to be clickable By.xpath: //*[(contains(@class,'passp-button passp-sign-in-button'))]
</br>]]>
    </line>
    <line>
      <![CDATA[[2020-02-15 22:16:53] REPORT [main] |INFO | (Log.java) myLogger -  Taken screenshot <a href ="file:///C:\Programming\Projects\LogAndReportTools\logs\1581794212158screenshot.jpg" target=”blank”>screenshot</a></br>]]>
    </line>
    <line>
      <![CDATA[[2020-02-15 22:16:53] REPORT [main] |DEBUG| (Log.java) myLogger - Type mytestpassword in text fieldBy.xpath: //*[@id='passp-field-passwd']
</br>]]>
    </line>
    <line>
      <![CDATA[[2020-02-15 22:16:53] REPORT [main] |DEBUG| (Log.java) myLogger - Waiting for visibility of element By.xpath: //*[@id='passp-field-passwd']
</br>]]>
    </line>
    <line>
      <![CDATA[[2020-02-15 22:16:56] REPORT [main] |INFO | (Log.java) myLogger -  Taken screenshot <a href ="file:///C:\Programming\Projects\LogAndReportTools\logs\1581794214527screenshot.jpg" target=”blank”>screenshot</a></br>]]>
    </line>
    <line>
      <![CDATA[[2020-02-15 22:16:56] REPORT [main] |DEBUG| (Log.java) myLogger - Click By.xpath: //*[(contains(@class,'button2_type_submit'))]
</br>]]>
    </line>
    <line>
      <![CDATA[[2020-02-15 22:16:56] REPORT [main] |DEBUG| (Log.java) myLogger - Waiting for element to be clickable By.xpath: //*[(contains(@class,'button2_type_submit'))]
</br>]]>
    </line>
    <line>
      <![CDATA[[2020-02-15 22:16:58] REPORT [main] |INFO | (Log.java) myLogger -  Taken screenshot <a href ="file:///C:\Programming\Projects\LogAndReportTools\logs\1581794216274screenshot.jpg" target=”blank”>screenshot</a></br>]]>
    </line>
    <line>
      <![CDATA[[2020-02-15 22:16:58] REPORT [main] |INFO | (Log.java) myLogger - Successful log in
</br>]]>
    </line>
  </reporter-output>
  <suite name="YandexDisk" duration-ms="22839" started-at="2020-02-15T22:16:36 MSK" finished-at="2020-02-15T22:16:59 MSK">
    <groups>
    </groups>
    <test name="SmokeTest" duration-ms="22839" started-at="2020-02-15T22:16:36 MSK" finished-at="2020-02-15T22:16:59 MSK">
      <class name="test.java.YandexDiskTests.SmokeTest">
        <test-method status="PASS" signature="driverSetup()[pri:0, instance:test.java.YandexDiskTests.SmokeTest@3c756e4d]" name="driverSetup" is-config="true" duration-ms="10087" started-at="2020-02-15T22:16:36 MSK" finished-at="2020-02-15T22:16:46 MSK">
          <reporter-output>
          </reporter-output>
        </test-method> <!-- driverSetup -->
        <test-method status="PASS" signature="yandexDiscSmokeTest()[pri:0, instance:test.java.YandexDiskTests.SmokeTest@3c756e4d]" name="yandexDiscSmokeTest" duration-ms="12111" started-at="2020-02-15T22:16:46 MSK" description="Smoke test - log In to yandex Disc" finished-at="2020-02-15T22:16:58 MSK">
          <reporter-output>
            <line>
              <![CDATA[[2020-02-15 22:16:46] REPORT [main] |DEBUG| (Log.java) myLogger - Webdriver opening url:https://disk.yandex.by/
</br>]]>
            </line>
            <line>
              <![CDATA[[2020-02-15 22:16:48] REPORT [main] |INFO | (Log.java) myLogger -  Taken screenshot <a href ="file:///C:\Programming\Projects\LogAndReportTools\logs\1581794207950screenshot.jpg" target=”blank”>screenshot</a></br>]]>
            </line>
            <line>
              <![CDATA[[2020-02-15 22:16:48] REPORT [main] |DEBUG| (Log.java) myLogger - Click By.xpath: //*[contains(@class,'button_login')]
</br>]]>
            </line>
            <line>
              <![CDATA[[2020-02-15 22:16:48] REPORT [main] |DEBUG| (Log.java) myLogger - Waiting for element to be clickable By.xpath: //*[contains(@class,'button_login')]
</br>]]>
            </line>
            <line>
              <![CDATA[[2020-02-15 22:16:48] REPORT [main] |INFO | (Log.java) myLogger -  Taken screenshot <a href ="file:///C:\Programming\Projects\LogAndReportTools\logs\1581794208506screenshot.jpg" target=”blank”>screenshot</a></br>]]>
            </line>
            <line>
              <![CDATA[[2020-02-15 22:16:50] REPORT [main] |DEBUG| (Log.java) myLogger - Type nickTestQA in text fieldBy.xpath: //*[@id='passp-field-login']
</br>]]>
            </line>
            <line>
              <![CDATA[[2020-02-15 22:16:50] REPORT [main] |DEBUG| (Log.java) myLogger - Waiting for visibility of element By.xpath: //*[@id='passp-field-login']
</br>]]>
            </line>
            <line>
              <![CDATA[[2020-02-15 22:16:51] REPORT [main] |INFO | (Log.java) myLogger -  Taken screenshot <a href ="file:///C:\Programming\Projects\LogAndReportTools\logs\1581794210482screenshot.jpg" target=”blank”>screenshot</a></br>]]>
            </line>
            <line>
              <![CDATA[[2020-02-15 22:16:52] REPORT [main] |DEBUG| (Log.java) myLogger - Click By.xpath: //*[(contains(@class,'passp-button passp-sign-in-button'))]
</br>]]>
            </line>
            <line>
              <![CDATA[[2020-02-15 22:16:52] REPORT [main] |DEBUG| (Log.java) myLogger - Waiting for element to be clickable By.xpath: //*[(contains(@class,'passp-button passp-sign-in-button'))]
</br>]]>
            </line>
            <line>
              <![CDATA[[2020-02-15 22:16:53] REPORT [main] |INFO | (Log.java) myLogger -  Taken screenshot <a href ="file:///C:\Programming\Projects\LogAndReportTools\logs\1581794212158screenshot.jpg" target=”blank”>screenshot</a></br>]]>
            </line>
            <line>
              <![CDATA[[2020-02-15 22:16:53] REPORT [main] |DEBUG| (Log.java) myLogger - Type mytestpassword in text fieldBy.xpath: //*[@id='passp-field-passwd']
</br>]]>
            </line>
            <line>
              <![CDATA[[2020-02-15 22:16:53] REPORT [main] |DEBUG| (Log.java) myLogger - Waiting for visibility of element By.xpath: //*[@id='passp-field-passwd']
</br>]]>
            </line>
            <line>
              <![CDATA[[2020-02-15 22:16:56] REPORT [main] |INFO | (Log.java) myLogger -  Taken screenshot <a href ="file:///C:\Programming\Projects\LogAndReportTools\logs\1581794214527screenshot.jpg" target=”blank”>screenshot</a></br>]]>
            </line>
            <line>
              <![CDATA[[2020-02-15 22:16:56] REPORT [main] |DEBUG| (Log.java) myLogger - Click By.xpath: //*[(contains(@class,'button2_type_submit'))]
</br>]]>
            </line>
            <line>
              <![CDATA[[2020-02-15 22:16:56] REPORT [main] |DEBUG| (Log.java) myLogger - Waiting for element to be clickable By.xpath: //*[(contains(@class,'button2_type_submit'))]
</br>]]>
            </line>
            <line>
              <![CDATA[[2020-02-15 22:16:58] REPORT [main] |INFO | (Log.java) myLogger -  Taken screenshot <a href ="file:///C:\Programming\Projects\LogAndReportTools\logs\1581794216274screenshot.jpg" target=”blank”>screenshot</a></br>]]>
            </line>
            <line>
              <![CDATA[[2020-02-15 22:16:58] REPORT [main] |INFO | (Log.java) myLogger - Successful log in
</br>]]>
            </line>
          </reporter-output>
        </test-method> <!-- yandexDiscSmokeTest -->
        <test-method status="PASS" signature="driverQuit()[pri:0, instance:test.java.YandexDiskTests.SmokeTest@3c756e4d]" name="driverQuit" is-config="true" duration-ms="616" started-at="2020-02-15T22:16:58 MSK" finished-at="2020-02-15T22:16:58 MSK">
          <reporter-output>
          </reporter-output>
        </test-method> <!-- driverQuit -->
      </class> <!-- test.java.YandexDiskTests.SmokeTest -->
    </test> <!-- SmokeTest -->
  </suite> <!-- YandexDisk -->
</testng-results>
